npm error code ERESOLVE
npm error ERESOLVE could not resolve
npm error
npm error While resolving: next-sanity@9.8.58-canary.0
npm error Found: @sanity/client@7.3.0
npm error node_modules/@sanity/client
npm error   @sanity/client@"^7.3.0" from @sanity/cli@3.90.0
npm error   node_modules/@sanity/cli
npm error     @sanity/cli@"3.90.0" from sanity@3.90.0
npm error     node_modules/sanity
npm error       peer sanity@"^3.75.0" from next-sanity@9.8.58-canary.0
npm error       node_modules/next-sanity
npm error         next-sanity@"^9.8.58-canary.0" from the root project
npm error       2 more (sanity-plugin-markdown, the root project)
npm error   @sanity/client@"^7.3.0" from @sanity/migrate@3.90.0
npm error   node_modules/@sanity/migrate
npm error     @sanity/migrate@"3.90.0" from sanity@3.90.0
npm error     node_modules/sanity
npm error       peer sanity@"^3.75.0" from next-sanity@9.8.58-canary.0
npm error       node_modules/next-sanity
npm error         next-sanity@"^9.8.58-canary.0" from the root project
npm error       2 more (sanity-plugin-markdown, the root project)
npm error   7 more (@sanity/presentation-comlink, ...)
npm error
npm error Could not resolve dependency:
npm error peer @sanity/client@"^6.28.0" from next-sanity@9.8.58-canary.0
npm error node_modules/next-sanity
npm error   next-sanity@"^9.8.58-canary.0" from the root project
npm error
npm error Conflicting peer dependency: @sanity/client@6.29.1
npm error node_modules/@sanity/client
npm error   peer @sanity/client@"^6.28.0" from next-sanity@9.8.58-canary.0
npm error   node_modules/next-sanity
npm error     next-sanity@"^9.8.58-canary.0" from the root project
npm error
npm error Fix the upstream dependency conflict, or retry
npm error this command with --force or --legacy-peer-deps
npm error to accept an incorrect (and potentially broken) dependency resolution.
npm error
npm error
npm error For a full report see:
npm error C:\Users\utkar\AppData\Local\npm-cache\_logs\2025-05-30T08_06_08_803Z-eresolve-report.txt
npm error A complete log of this run can be found in: C:\Users\utkar\AppData\Local\npm-cache\_logs\2025-05-30T08_06_08_803Z-debug-0.log
